2022-06-09 00:43:59.270  INFO 2884 --- [restartedMain] c.b.a.AddressbookAppBackendApplication   : Starting AddressbookAppBackendApplication using Java 1.8.0_181 on LAPTOP-PUULM6OO with PID 2884 (C:\Users\Mangesh\IdeaProjects\addressbook-app-backend\target\classes started by Mangesh in C:\Users\Mangesh\IdeaProjects\addressbook-app-backend)
2022-06-09 00:43:59.270 DEBUG 2884 --- [restartedMain] c.b.a.AddressbookAppBackendApplication   : Running with Spring Boot v2.7.0, Spring v5.3.20
2022-06-09 00:43:59.270  INFO 2884 --- [restartedMain] c.b.a.AddressbookAppBackendApplication   : The following 1 profile is active: "dev"
2022-06-09 00:44:02.255  WARN 2884 --- [restartedMain] JpaBaseConfiguration$JpaWebConfiguration : spring.jpa.open-in-view is enabled by default. Therefore, database queries may be performed during view rendering. Explicitly configure spring.jpa.open-in-view to disable this warning
2022-06-09 00:44:02.739  INFO 2884 --- [restartedMain] c.b.a.AddressbookAppBackendApplication   : Started AddressbookAppBackendApplication in 3.761 seconds (JVM running for 4.576)
2022-06-09 00:44:02.739  INFO 2884 --- [restartedMain] c.b.a.AddressbookAppBackendApplication   :  Address Book App Started
2022-06-09 00:44:02.739  INFO 2884 --- [restartedMain] c.b.a.AddressbookAppBackendApplication   : Address Book DB User is root 
2022-06-09 00:47:40.552  INFO 19388 --- [restartedMain] c.b.a.AddressbookAppBackendApplication   : Starting AddressbookAppBackendApplication using Java 1.8.0_181 on LAPTOP-PUULM6OO with PID 19388 (C:\Users\Mangesh\IdeaProjects\addressbook-app-backend\target\classes started by Mangesh in C:\Users\Mangesh\IdeaProjects\addressbook-app-backend)
2022-06-09 00:47:40.568 DEBUG 19388 --- [restartedMain] c.b.a.AddressbookAppBackendApplication   : Running with Spring Boot v2.7.0, Spring v5.3.20
2022-06-09 00:47:40.568  INFO 19388 --- [restartedMain] c.b.a.AddressbookAppBackendApplication   : The following 1 profile is active: "dev"
2022-06-09 00:47:42.896  WARN 19388 --- [restartedMain] JpaBaseConfiguration$JpaWebConfiguration : spring.jpa.open-in-view is enabled by default. Therefore, database queries may be performed during view rendering. Explicitly configure spring.jpa.open-in-view to disable this warning
2022-06-09 00:47:43.350  INFO 19388 --- [restartedMain] c.b.a.AddressbookAppBackendApplication   : Started AddressbookAppBackendApplication in 3.106 seconds (JVM running for 4.01)
2022-06-09 00:47:43.366  INFO 19388 --- [restartedMain] c.b.a.AddressbookAppBackendApplication   :  Address Book App Started
2022-06-09 00:47:43.366  INFO 19388 --- [restartedMain] c.b.a.AddressbookAppBackendApplication   : Address Book DB User is root 
2022-06-09 00:49:00.500  WARN 19388 --- [http-nio-8081-exec-3] .w.s.m.s.DefaultHandlerExceptionResolver : Resolved [org.springframework.http.converter.HttpMessageNotReadableException: JSON parse error: Unexpected character ('-' (code 45)): was expecting comma to separate Object entries; nested exception is com.fasterxml.jackson.core.JsonParseException: Unexpected character ('-' (code 45)): was expecting comma to separate Object entries<EOL> at [Source: (org.springframework.util.StreamUtils$NonClosingInputStream); line: 5, column: 21]]
2022-06-09 00:51:12.913  WARN 19388 --- [http-nio-8081-exec-9] .w.s.m.s.DefaultHandlerExceptionResolver : Resolved [org.springframework.http.converter.HttpMessageNotReadableException: JSON parse error: Unexpected character ('-' (code 45)): was expecting comma to separate Object entries; nested exception is com.fasterxml.jackson.core.JsonParseException: Unexpected character ('-' (code 45)): was expecting comma to separate Object entries<EOL> at [Source: (org.springframework.util.StreamUtils$NonClosingInputStream); line: 5, column: 21]]
2022-06-09 00:51:23.945  WARN 19388 --- [http-nio-8081-exec-10] .w.s.m.s.DefaultHandlerExceptionResolver : Resolved [org.springframework.http.converter.HttpMessageNotReadableException: JSON parse error: Unexpected character ('7' (code 55)): was expecting comma to separate Object entries; nested exception is com.fasterxml.jackson.core.JsonParseException: Unexpected character ('7' (code 55)): was expecting comma to separate Object entries<EOL> at [Source: (org.springframework.util.StreamUtils$NonClosingInputStream); line: 5, column: 22]]
2022-06-09 00:52:48.049  INFO 17024 --- [restartedMain] c.b.a.AddressbookAppBackendApplication   : Starting AddressbookAppBackendApplication using Java 1.8.0_181 on LAPTOP-PUULM6OO with PID 17024 (C:\Users\Mangesh\IdeaProjects\addressbook-app-backend\target\classes started by Mangesh in C:\Users\Mangesh\IdeaProjects\addressbook-app-backend)
2022-06-09 00:52:48.049 DEBUG 17024 --- [restartedMain] c.b.a.AddressbookAppBackendApplication   : Running with Spring Boot v2.7.0, Spring v5.3.20
2022-06-09 00:52:48.065  INFO 17024 --- [restartedMain] c.b.a.AddressbookAppBackendApplication   : The following 1 profile is active: "dev"
2022-06-09 00:52:50.597  WARN 17024 --- [restartedMain] JpaBaseConfiguration$JpaWebConfiguration : spring.jpa.open-in-view is enabled by default. Therefore, database queries may be performed during view rendering. Explicitly configure spring.jpa.open-in-view to disable this warning
2022-06-09 00:52:51.034  INFO 17024 --- [restartedMain] c.b.a.AddressbookAppBackendApplication   : Started AddressbookAppBackendApplication in 3.246 seconds (JVM running for 4.11)
2022-06-09 00:52:51.034  INFO 17024 --- [restartedMain] c.b.a.AddressbookAppBackendApplication   :  Address Book App Started
2022-06-09 00:52:51.034  INFO 17024 --- [restartedMain] c.b.a.AddressbookAppBackendApplication   : Address Book DB User is root 
2022-06-09 00:53:03.934 ERROR 17024 --- [http-nio-8081-exec-1] o.a.c.c.C.[.[.[/].[dispatcherServlet]    : Servlet.service() for servlet [dispatcherServlet] in context with path [] threw exception [Request processing failed; nested exception is javax.validation.UnexpectedTypeException: HV000030: No validator could be found for constraint 'javax.validation.constraints.Pattern' validating type 'java.lang.Long'. Check configuration for 'zipCode'] with root cause

javax.validation.UnexpectedTypeException: HV000030: No validator could be found for constraint 'javax.validation.constraints.Pattern' validating type 'java.lang.Long'. Check configuration for 'zipCode'
	at org.hibernate.validator.internal.engine.constraintvalidation.ConstraintTree.getExceptionForNullValidator(ConstraintTree.java:116) ~[hibernate-validator-6.2.3.Final.jar:6.2.3.Final]
	at org.hibernate.validator.internal.engine.constraintvalidation.ConstraintTree.getInitializedConstraintValidator(ConstraintTree.java:162) ~[hibernate-validator-6.2.3.Final.jar:6.2.3.Final]
	at org.hibernate.validator.internal.engine.constraintvalidation.SimpleConstraintTree.validateConstraints(SimpleConstraintTree.java:54) ~[hibernate-validator-6.2.3.Final.jar:6.2.3.Final]
	at org.hibernate.validator.internal.engine.constraintvalidation.ConstraintTree.validateConstraints(ConstraintTree.java:75) ~[hibernate-validator-6.2.3.Final.jar:6.2.3.Final]
	at org.hibernate.validator.internal.metadata.core.MetaConstraint.doValidateConstraint(MetaConstraint.java:130) ~[hibernate-validator-6.2.3.Final.jar:6.2.3.Final]
	at org.hibernate.validator.internal.metadata.core.MetaConstraint.validateConstraint(MetaConstraint.java:123) ~[hibernate-validator-6.2.3.Final.jar:6.2.3.Final]
	at org.hibernate.validator.internal.engine.ValidatorImpl.validateMetaConstraint(ValidatorImpl.java:555) ~[hibernate-validator-6.2.3.Final.jar:6.2.3.Final]
	at org.hibernate.validator.internal.engine.ValidatorImpl.validateConstraintsForSingleDefaultGroupElement(ValidatorImpl.java:518) ~[hibernate-validator-6.2.3.Final.jar:6.2.3.Final]
	at org.hibernate.validator.internal.engine.ValidatorImpl.validateConstraintsForDefaultGroup(ValidatorImpl.java:488) ~[hibernate-validator-6.2.3.Final.jar:6.2.3.Final]
	at org.hibernate.validator.internal.engine.ValidatorImpl.validateConstraintsForCurrentGroup(ValidatorImpl.java:450) ~[hibernate-validator-6.2.3.Final.jar:6.2.3.Final]
	at org.hibernate.validator.internal.engine.ValidatorImpl.validateInContext(ValidatorImpl.java:400) ~[hibernate-validator-6.2.3.Final.jar:6.2.3.Final]
	at org.hibernate.validator.internal.engine.ValidatorImpl.validate(ValidatorImpl.java:172) ~[hibernate-validator-6.2.3.Final.jar:6.2.3.Final]
	at org.springframework.validation.beanvalidation.SpringValidatorAdapter.validate(SpringValidatorAdapter.java:109) ~[spring-context-5.3.20.jar:5.3.20]
	at org.springframework.boot.autoconfigure.validation.ValidatorAdapter.validate(ValidatorAdapter.java:66) ~[spring-boot-autoconfigure-2.7.0.jar:2.7.0]
	at org.springframework.validation.DataBinder.validate(DataBinder.java:933) ~[spring-context-5.3.20.jar:5.3.20]
	at org.springframework.web.servlet.mvc.method.annotation.AbstractMessageConverterMethodArgumentResolver.validateIfApplicable(AbstractMessageConverterMethodArgumentResolver.java:250) ~[spring-webmvc-5.3.20.jar:5.3.20]
	at org.springframework.web.servlet.mvc.method.annotation.RequestResponseBodyMethodProcessor.resolveArgument(RequestResponseBodyMethodProcessor.java:139) ~[spring-webmvc-5.3.20.jar:5.3.20]
	at org.springframework.web.method.support.HandlerMethodArgumentResolverComposite.resolveArgument(HandlerMethodArgumentResolverComposite.java:122) ~[spring-web-5.3.20.jar:5.3.20]
	at org.springframework.web.method.support.InvocableHandlerMethod.getMethodArgumentValues(InvocableHandlerMethod.java:179) ~[spring-web-5.3.20.jar:5.3.20]
	at org.springframework.web.method.support.InvocableHandlerMethod.invokeForRequest(InvocableHandlerMethod.java:146) ~[spring-web-5.3.20.jar:5.3.20]
	at org.springframework.web.servlet.mvc.method.annotation.ServletInvocableHandlerMethod.invokeAndHandle(ServletInvocableHandlerMethod.java:117) ~[spring-webmvc-5.3.20.jar:5.3.20]
	at org.springframework.web.servlet.mvc.method.annotation.RequestMappingHandlerAdapter.invokeHandlerMethod(RequestMappingHandlerAdapter.java:895) ~[spring-webmvc-5.3.20.jar:5.3.20]
	at org.springframework.web.servlet.mvc.method.annotation.RequestMappingHandlerAdapter.handleInternal(RequestMappingHandlerAdapter.java:808) ~[spring-webmvc-5.3.20.jar:5.3.20]
	at org.springframework.web.servlet.mvc.method.AbstractHandlerMethodAdapter.handle(AbstractHandlerMethodAdapter.java:87) ~[spring-webmvc-5.3.20.jar:5.3.20]
	at org.springframework.web.servlet.DispatcherServlet.doDispatch(DispatcherServlet.java:1067) ~[spring-webmvc-5.3.20.jar:5.3.20]
	at org.springframework.web.servlet.DispatcherServlet.doService(DispatcherServlet.java:963) ~[spring-webmvc-5.3.20.jar:5.3.20]
	at org.springframework.web.servlet.FrameworkServlet.processRequest(FrameworkServlet.java:1006) ~[spring-webmvc-5.3.20.jar:5.3.20]
	at org.springframework.web.servlet.FrameworkServlet.doPost(FrameworkServlet.java:909) ~[spring-webmvc-5.3.20.jar:5.3.20]
	at javax.servlet.http.HttpServlet.service(HttpServlet.java:681) ~[tomcat-embed-core-9.0.63.jar:4.0.FR]
	at org.springframework.web.servlet.FrameworkServlet.service(FrameworkServlet.java:883) ~[spring-webmvc-5.3.20.jar:5.3.20]
	at javax.servlet.http.HttpServlet.service(HttpServlet.java:764) ~[tomcat-embed-core-9.0.63.jar:4.0.FR]
	at org.apache.catalina.core.ApplicationFilterChain.internalDoFilter(ApplicationFilterChain.java:227) ~[tomcat-embed-core-9.0.63.jar:9.0.63]
	at org.apache.catalina.core.ApplicationFilterChain.doFilter(ApplicationFilterChain.java:162) ~[tomcat-embed-core-9.0.63.jar:9.0.63]
	at org.apache.tomcat.websocket.server.WsFilter.doFilter(WsFilter.java:53) ~[tomcat-embed-websocket-9.0.63.jar:9.0.63]
	at org.apache.catalina.core.ApplicationFilterChain.internalDoFilter(ApplicationFilterChain.java:189) ~[tomcat-embed-core-9.0.63.jar:9.0.63]
	at org.apache.catalina.core.ApplicationFilterChain.doFilter(ApplicationFilterChain.java:162) ~[tomcat-embed-core-9.0.63.jar:9.0.63]
	at org.springframework.web.filter.RequestContextFilter.doFilterInternal(RequestContextFilter.java:100) ~[spring-web-5.3.20.jar:5.3.20]
	at org.springframework.web.filter.OncePerRequestFilter.doFilter(OncePerRequestFilter.java:117) ~[spring-web-5.3.20.jar:5.3.20]
	at org.apache.catalina.core.ApplicationFilterChain.internalDoFilter(ApplicationFilterChain.java:189) ~[tomcat-embed-core-9.0.63.jar:9.0.63]
	at org.apache.catalina.core.ApplicationFilterChain.doFilter(ApplicationFilterChain.java:162) ~[tomcat-embed-core-9.0.63.jar:9.0.63]
	at org.springframework.web.filter.FormContentFilter.doFilterInternal(FormContentFilter.java:93) ~[spring-web-5.3.20.jar:5.3.20]
	at org.springframework.web.filter.OncePerRequestFilter.doFilter(OncePerRequestFilter.java:117) ~[spring-web-5.3.20.jar:5.3.20]
	at org.apache.catalina.core.ApplicationFilterChain.internalDoFilter(ApplicationFilterChain.java:189) ~[tomcat-embed-core-9.0.63.jar:9.0.63]
	at org.apache.catalina.core.ApplicationFilterChain.doFilter(ApplicationFilterChain.java:162) ~[tomcat-embed-core-9.0.63.jar:9.0.63]
	at org.springframework.web.filter.CharacterEncodingFilter.doFilterInternal(CharacterEncodingFilter.java:201) ~[spring-web-5.3.20.jar:5.3.20]
	at org.springframework.web.filter.OncePerRequestFilter.doFilter(OncePerRequestFilter.java:117) ~[spring-web-5.3.20.jar:5.3.20]
	at org.apache.catalina.core.ApplicationFilterChain.internalDoFilter(ApplicationFilterChain.java:189) ~[tomcat-embed-core-9.0.63.jar:9.0.63]
	at org.apache.catalina.core.ApplicationFilterChain.doFilter(ApplicationFilterChain.java:162) ~[tomcat-embed-core-9.0.63.jar:9.0.63]
	at org.apache.catalina.core.StandardWrapperValve.invoke(StandardWrapperValve.java:197) ~[tomcat-embed-core-9.0.63.jar:9.0.63]
	at org.apache.catalina.core.StandardContextValve.invoke(StandardContextValve.java:97) [tomcat-embed-core-9.0.63.jar:9.0.63]
	at org.apache.catalina.authenticator.AuthenticatorBase.invoke(AuthenticatorBase.java:541) [tomcat-embed-core-9.0.63.jar:9.0.63]
	at org.apache.catalina.core.StandardHostValve.invoke(StandardHostValve.java:135) [tomcat-embed-core-9.0.63.jar:9.0.63]
	at org.apache.catalina.valves.ErrorReportValve.invoke(ErrorReportValve.java:92) [tomcat-embed-core-9.0.63.jar:9.0.63]
	at org.apache.catalina.core.StandardEngineValve.invoke(StandardEngineValve.java:78) [tomcat-embed-core-9.0.63.jar:9.0.63]
	at org.apache.catalina.connector.CoyoteAdapter.service(CoyoteAdapter.java:360) [tomcat-embed-core-9.0.63.jar:9.0.63]
	at org.apache.coyote.http11.Http11Processor.service(Http11Processor.java:399) [tomcat-embed-core-9.0.63.jar:9.0.63]
	at org.apache.coyote.AbstractProcessorLight.process(AbstractProcessorLight.java:65) [tomcat-embed-core-9.0.63.jar:9.0.63]
	at org.apache.coyote.AbstractProtocol$ConnectionHandler.process(AbstractProtocol.java:890) [tomcat-embed-core-9.0.63.jar:9.0.63]
	at org.apache.tomcat.util.net.NioEndpoint$SocketProcessor.doRun(NioEndpoint.java:1743) [tomcat-embed-core-9.0.63.jar:9.0.63]
	at org.apache.tomcat.util.net.SocketProcessorBase.run(SocketProcessorBase.java:49) [tomcat-embed-core-9.0.63.jar:9.0.63]
	at org.apache.tomcat.util.threads.ThreadPoolExecutor.runWorker(ThreadPoolExecutor.java:1191) [tomcat-embed-core-9.0.63.jar:9.0.63]
	at org.apache.tomcat.util.threads.ThreadPoolExecutor$Worker.run(ThreadPoolExecutor.java:659) [tomcat-embed-core-9.0.63.jar:9.0.63]
	at org.apache.tomcat.util.threads.TaskThread$WrappingRunnable.run(TaskThread.java:61) [tomcat-embed-core-9.0.63.jar:9.0.63]
	at java.lang.Thread.run(Thread.java:748) [na:1.8.0_181]

2022-06-09 00:53:56.370  INFO 17208 --- [restartedMain] c.b.a.AddressbookAppBackendApplication   : Starting AddressbookAppBackendApplication using Java 1.8.0_181 on LAPTOP-PUULM6OO with PID 17208 (C:\Users\Mangesh\IdeaProjects\addressbook-app-backend\target\classes started by Mangesh in C:\Users\Mangesh\IdeaProjects\addressbook-app-backend)
2022-06-09 00:53:56.370 DEBUG 17208 --- [restartedMain] c.b.a.AddressbookAppBackendApplication   : Running with Spring Boot v2.7.0, Spring v5.3.20
2022-06-09 00:53:56.370  INFO 17208 --- [restartedMain] c.b.a.AddressbookAppBackendApplication   : The following 1 profile is active: "dev"
2022-06-09 00:53:58.667  WARN 17208 --- [restartedMain] JpaBaseConfiguration$JpaWebConfiguration : spring.jpa.open-in-view is enabled by default. Therefore, database queries may be performed during view rendering. Explicitly configure spring.jpa.open-in-view to disable this warning
2022-06-09 00:53:59.089  INFO 17208 --- [restartedMain] c.b.a.AddressbookAppBackendApplication   : Started AddressbookAppBackendApplication in 3.075 seconds (JVM running for 3.928)
2022-06-09 00:53:59.089  INFO 17208 --- [restartedMain] c.b.a.AddressbookAppBackendApplication   :  Address Book App Started
2022-06-09 00:53:59.089  INFO 17208 --- [restartedMain] c.b.a.AddressbookAppBackendApplication   : Address Book DB User is root 
2022-06-09 00:54:07.650 ERROR 17208 --- [http-nio-8081-exec-1] o.a.c.c.C.[.[.[/].[dispatcherServlet]    : Servlet.service() for servlet [dispatcherServlet] in context with path [] threw exception [Request processing failed; nested exception is javax.validation.UnexpectedTypeException: HV000030: No validator could be found for constraint 'javax.validation.constraints.NotEmpty' validating type 'java.lang.Long'. Check configuration for 'zipCode'] with root cause

javax.validation.UnexpectedTypeException: HV000030: No validator could be found for constraint 'javax.validation.constraints.NotEmpty' validating type 'java.lang.Long'. Check configuration for 'zipCode'
	at org.hibernate.validator.internal.engine.constraintvalidation.ConstraintTree.getExceptionForNullValidator(ConstraintTree.java:116) ~[hibernate-validator-6.2.3.Final.jar:6.2.3.Final]
	at org.hibernate.validator.internal.engine.constraintvalidation.ConstraintTree.getInitializedConstraintValidator(ConstraintTree.java:162) ~[hibernate-validator-6.2.3.Final.jar:6.2.3.Final]
	at org.hibernate.validator.internal.engine.constraintvalidation.SimpleConstraintTree.validateConstraints(SimpleConstraintTree.java:54) ~[hibernate-validator-6.2.3.Final.jar:6.2.3.Final]
	at org.hibernate.validator.internal.engine.constraintvalidation.ConstraintTree.validateConstraints(ConstraintTree.java:75) ~[hibernate-validator-6.2.3.Final.jar:6.2.3.Final]
	at org.hibernate.validator.internal.metadata.core.MetaConstraint.doValidateConstraint(MetaConstraint.java:130) ~[hibernate-validator-6.2.3.Final.jar:6.2.3.Final]
	at org.hibernate.validator.internal.metadata.core.MetaConstraint.validateConstraint(MetaConstraint.java:123) ~[hibernate-validator-6.2.3.Final.jar:6.2.3.Final]
	at org.hibernate.validator.internal.engine.ValidatorImpl.validateMetaConstraint(ValidatorImpl.java:555) ~[hibernate-validator-6.2.3.Final.jar:6.2.3.Final]
	at org.hibernate.validator.internal.engine.ValidatorImpl.validateConstraintsForSingleDefaultGroupElement(ValidatorImpl.java:518) ~[hibernate-validator-6.2.3.Final.jar:6.2.3.Final]
	at org.hibernate.validator.internal.engine.ValidatorImpl.validateConstraintsForDefaultGroup(ValidatorImpl.java:488) ~[hibernate-validator-6.2.3.Final.jar:6.2.3.Final]
	at org.hibernate.validator.internal.engine.ValidatorImpl.validateConstraintsForCurrentGroup(ValidatorImpl.java:450) ~[hibernate-validator-6.2.3.Final.jar:6.2.3.Final]
	at org.hibernate.validator.internal.engine.ValidatorImpl.validateInContext(ValidatorImpl.java:400) ~[hibernate-validator-6.2.3.Final.jar:6.2.3.Final]
	at org.hibernate.validator.internal.engine.ValidatorImpl.validate(ValidatorImpl.java:172) ~[hibernate-validator-6.2.3.Final.jar:6.2.3.Final]
	at org.springframework.validation.beanvalidation.SpringValidatorAdapter.validate(SpringValidatorAdapter.java:109) ~[spring-context-5.3.20.jar:5.3.20]
	at org.springframework.boot.autoconfigure.validation.ValidatorAdapter.validate(ValidatorAdapter.java:66) ~[spring-boot-autoconfigure-2.7.0.jar:2.7.0]
	at org.springframework.validation.DataBinder.validate(DataBinder.java:933) ~[spring-context-5.3.20.jar:5.3.20]
	at org.springframework.web.servlet.mvc.method.annotation.AbstractMessageConverterMethodArgumentResolver.validateIfApplicable(AbstractMessageConverterMethodArgumentResolver.java:250) ~[spring-webmvc-5.3.20.jar:5.3.20]
	at org.springframework.web.servlet.mvc.method.annotation.RequestResponseBodyMethodProcessor.resolveArgument(RequestResponseBodyMethodProcessor.java:139) ~[spring-webmvc-5.3.20.jar:5.3.20]
	at org.springframework.web.method.support.HandlerMethodArgumentResolverComposite.resolveArgument(HandlerMethodArgumentResolverComposite.java:122) ~[spring-web-5.3.20.jar:5.3.20]
	at org.springframework.web.method.support.InvocableHandlerMethod.getMethodArgumentValues(InvocableHandlerMethod.java:179) ~[spring-web-5.3.20.jar:5.3.20]
	at org.springframework.web.method.support.InvocableHandlerMethod.invokeForRequest(InvocableHandlerMethod.java:146) ~[spring-web-5.3.20.jar:5.3.20]
	at org.springframework.web.servlet.mvc.method.annotation.ServletInvocableHandlerMethod.invokeAndHandle(ServletInvocableHandlerMethod.java:117) ~[spring-webmvc-5.3.20.jar:5.3.20]
	at org.springframework.web.servlet.mvc.method.annotation.RequestMappingHandlerAdapter.invokeHandlerMethod(RequestMappingHandlerAdapter.java:895) ~[spring-webmvc-5.3.20.jar:5.3.20]
	at org.springframework.web.servlet.mvc.method.annotation.RequestMappingHandlerAdapter.handleInternal(RequestMappingHandlerAdapter.java:808) ~[spring-webmvc-5.3.20.jar:5.3.20]
	at org.springframework.web.servlet.mvc.method.AbstractHandlerMethodAdapter.handle(AbstractHandlerMethodAdapter.java:87) ~[spring-webmvc-5.3.20.jar:5.3.20]
	at org.springframework.web.servlet.DispatcherServlet.doDispatch(DispatcherServlet.java:1067) ~[spring-webmvc-5.3.20.jar:5.3.20]
	at org.springframework.web.servlet.DispatcherServlet.doService(DispatcherServlet.java:963) ~[spring-webmvc-5.3.20.jar:5.3.20]
	at org.springframework.web.servlet.FrameworkServlet.processRequest(FrameworkServlet.java:1006) ~[spring-webmvc-5.3.20.jar:5.3.20]
	at org.springframework.web.servlet.FrameworkServlet.doPost(FrameworkServlet.java:909) ~[spring-webmvc-5.3.20.jar:5.3.20]
	at javax.servlet.http.HttpServlet.service(HttpServlet.java:681) ~[tomcat-embed-core-9.0.63.jar:4.0.FR]
	at org.springframework.web.servlet.FrameworkServlet.service(FrameworkServlet.java:883) ~[spring-webmvc-5.3.20.jar:5.3.20]
	at javax.servlet.http.HttpServlet.service(HttpServlet.java:764) ~[tomcat-embed-core-9.0.63.jar:4.0.FR]
	at org.apache.catalina.core.ApplicationFilterChain.internalDoFilter(ApplicationFilterChain.java:227) ~[tomcat-embed-core-9.0.63.jar:9.0.63]
	at org.apache.catalina.core.ApplicationFilterChain.doFilter(ApplicationFilterChain.java:162) ~[tomcat-embed-core-9.0.63.jar:9.0.63]
	at org.apache.tomcat.websocket.server.WsFilter.doFilter(WsFilter.java:53) ~[tomcat-embed-websocket-9.0.63.jar:9.0.63]
	at org.apache.catalina.core.ApplicationFilterChain.internalDoFilter(ApplicationFilterChain.java:189) ~[tomcat-embed-core-9.0.63.jar:9.0.63]
	at org.apache.catalina.core.ApplicationFilterChain.doFilter(ApplicationFilterChain.java:162) ~[tomcat-embed-core-9.0.63.jar:9.0.63]
	at org.springframework.web.filter.RequestContextFilter.doFilterInternal(RequestContextFilter.java:100) ~[spring-web-5.3.20.jar:5.3.20]
	at org.springframework.web.filter.OncePerRequestFilter.doFilter(OncePerRequestFilter.java:117) ~[spring-web-5.3.20.jar:5.3.20]
	at org.apache.catalina.core.ApplicationFilterChain.internalDoFilter(ApplicationFilterChain.java:189) ~[tomcat-embed-core-9.0.63.jar:9.0.63]
	at org.apache.catalina.core.ApplicationFilterChain.doFilter(ApplicationFilterChain.java:162) ~[tomcat-embed-core-9.0.63.jar:9.0.63]
	at org.springframework.web.filter.FormContentFilter.doFilterInternal(FormContentFilter.java:93) ~[spring-web-5.3.20.jar:5.3.20]
	at org.springframework.web.filter.OncePerRequestFilter.doFilter(OncePerRequestFilter.java:117) ~[spring-web-5.3.20.jar:5.3.20]
	at org.apache.catalina.core.ApplicationFilterChain.internalDoFilter(ApplicationFilterChain.java:189) ~[tomcat-embed-core-9.0.63.jar:9.0.63]
	at org.apache.catalina.core.ApplicationFilterChain.doFilter(ApplicationFilterChain.java:162) ~[tomcat-embed-core-9.0.63.jar:9.0.63]
	at org.springframework.web.filter.CharacterEncodingFilter.doFilterInternal(CharacterEncodingFilter.java:201) ~[spring-web-5.3.20.jar:5.3.20]
	at org.springframework.web.filter.OncePerRequestFilter.doFilter(OncePerRequestFilter.java:117) ~[spring-web-5.3.20.jar:5.3.20]
	at org.apache.catalina.core.ApplicationFilterChain.internalDoFilter(ApplicationFilterChain.java:189) ~[tomcat-embed-core-9.0.63.jar:9.0.63]
	at org.apache.catalina.core.ApplicationFilterChain.doFilter(ApplicationFilterChain.java:162) ~[tomcat-embed-core-9.0.63.jar:9.0.63]
	at org.apache.catalina.core.StandardWrapperValve.invoke(StandardWrapperValve.java:197) ~[tomcat-embed-core-9.0.63.jar:9.0.63]
	at org.apache.catalina.core.StandardContextValve.invoke(StandardContextValve.java:97) [tomcat-embed-core-9.0.63.jar:9.0.63]
	at org.apache.catalina.authenticator.AuthenticatorBase.invoke(AuthenticatorBase.java:541) [tomcat-embed-core-9.0.63.jar:9.0.63]
	at org.apache.catalina.core.StandardHostValve.invoke(StandardHostValve.java:135) [tomcat-embed-core-9.0.63.jar:9.0.63]
	at org.apache.catalina.valves.ErrorReportValve.invoke(ErrorReportValve.java:92) [tomcat-embed-core-9.0.63.jar:9.0.63]
	at org.apache.catalina.core.StandardEngineValve.invoke(StandardEngineValve.java:78) [tomcat-embed-core-9.0.63.jar:9.0.63]
	at org.apache.catalina.connector.CoyoteAdapter.service(CoyoteAdapter.java:360) [tomcat-embed-core-9.0.63.jar:9.0.63]
	at org.apache.coyote.http11.Http11Processor.service(Http11Processor.java:399) [tomcat-embed-core-9.0.63.jar:9.0.63]
	at org.apache.coyote.AbstractProcessorLight.process(AbstractProcessorLight.java:65) [tomcat-embed-core-9.0.63.jar:9.0.63]
	at org.apache.coyote.AbstractProtocol$ConnectionHandler.process(AbstractProtocol.java:890) [tomcat-embed-core-9.0.63.jar:9.0.63]
	at org.apache.tomcat.util.net.NioEndpoint$SocketProcessor.doRun(NioEndpoint.java:1743) [tomcat-embed-core-9.0.63.jar:9.0.63]
	at org.apache.tomcat.util.net.SocketProcessorBase.run(SocketProcessorBase.java:49) [tomcat-embed-core-9.0.63.jar:9.0.63]
	at org.apache.tomcat.util.threads.ThreadPoolExecutor.runWorker(ThreadPoolExecutor.java:1191) [tomcat-embed-core-9.0.63.jar:9.0.63]
	at org.apache.tomcat.util.threads.ThreadPoolExecutor$Worker.run(ThreadPoolExecutor.java:659) [tomcat-embed-core-9.0.63.jar:9.0.63]
	at org.apache.tomcat.util.threads.TaskThread$WrappingRunnable.run(TaskThread.java:61) [tomcat-embed-core-9.0.63.jar:9.0.63]
	at java.lang.Thread.run(Thread.java:748) [na:1.8.0_181]

2022-06-09 00:56:27.714  INFO 26264 --- [restartedMain] c.b.a.AddressbookAppBackendApplication   : Starting AddressbookAppBackendApplication using Java 1.8.0_181 on LAPTOP-PUULM6OO with PID 26264 (C:\Users\Mangesh\IdeaProjects\addressbook-app-backend\target\classes started by Mangesh in C:\Users\Mangesh\IdeaProjects\addressbook-app-backend)
2022-06-09 00:56:27.714 DEBUG 26264 --- [restartedMain] c.b.a.AddressbookAppBackendApplication   : Running with Spring Boot v2.7.0, Spring v5.3.20
2022-06-09 00:56:27.714  INFO 26264 --- [restartedMain] c.b.a.AddressbookAppBackendApplication   : The following 1 profile is active: "dev"
2022-06-09 00:56:29.982  WARN 26264 --- [restartedMain] JpaBaseConfiguration$JpaWebConfiguration : spring.jpa.open-in-view is enabled by default. Therefore, database queries may be performed during view rendering. Explicitly configure spring.jpa.open-in-view to disable this warning
2022-06-09 00:56:30.404  INFO 26264 --- [restartedMain] c.b.a.AddressbookAppBackendApplication   : Started AddressbookAppBackendApplication in 3.043 seconds (JVM running for 3.958)
2022-06-09 00:56:30.404  INFO 26264 --- [restartedMain] c.b.a.AddressbookAppBackendApplication   :  Address Book App Started
2022-06-09 00:56:30.404  INFO 26264 --- [restartedMain] c.b.a.AddressbookAppBackendApplication   : Address Book DB User is root 
2022-06-09 00:56:47.552 ERROR 26264 --- [http-nio-8081-exec-1] o.a.c.c.C.[.[.[/].[dispatcherServlet]    : Servlet.service() for servlet [dispatcherServlet] in context with path [] threw exception [Request processing failed; nested exception is javax.validation.UnexpectedTypeException: HV000030: No validator could be found for constraint 'javax.validation.constraints.NotEmpty' validating type 'java.lang.Long'. Check configuration for 'zipCode'] with root cause

javax.validation.UnexpectedTypeException: HV000030: No validator could be found for constraint 'javax.validation.constraints.NotEmpty' validating type 'java.lang.Long'. Check configuration for 'zipCode'
	at org.hibernate.validator.internal.engine.constraintvalidation.ConstraintTree.getExceptionForNullValidator(ConstraintTree.java:116) ~[hibernate-validator-6.2.3.Final.jar:6.2.3.Final]
	at org.hibernate.validator.internal.engine.constraintvalidation.ConstraintTree.getInitializedConstraintValidator(ConstraintTree.java:162) ~[hibernate-validator-6.2.3.Final.jar:6.2.3.Final]
	at org.hibernate.validator.internal.engine.constraintvalidation.SimpleConstraintTree.validateConstraints(SimpleConstraintTree.java:54) ~[hibernate-validator-6.2.3.Final.jar:6.2.3.Final]
	at org.hibernate.validator.internal.engine.constraintvalidation.ConstraintTree.validateConstraints(ConstraintTree.java:75) ~[hibernate-validator-6.2.3.Final.jar:6.2.3.Final]
	at org.hibernate.validator.internal.metadata.core.MetaConstraint.doValidateConstraint(MetaConstraint.java:130) ~[hibernate-validator-6.2.3.Final.jar:6.2.3.Final]
	at org.hibernate.validator.internal.metadata.core.MetaConstraint.validateConstraint(MetaConstraint.java:123) ~[hibernate-validator-6.2.3.Final.jar:6.2.3.Final]
	at org.hibernate.validator.internal.engine.ValidatorImpl.validateMetaConstraint(ValidatorImpl.java:555) ~[hibernate-validator-6.2.3.Final.jar:6.2.3.Final]
	at org.hibernate.validator.internal.engine.ValidatorImpl.validateConstraintsForSingleDefaultGroupElement(ValidatorImpl.java:518) ~[hibernate-validator-6.2.3.Final.jar:6.2.3.Final]
	at org.hibernate.validator.internal.engine.ValidatorImpl.validateConstraintsForDefaultGroup(ValidatorImpl.java:488) ~[hibernate-validator-6.2.3.Final.jar:6.2.3.Final]
	at org.hibernate.validator.internal.engine.ValidatorImpl.validateConstraintsForCurrentGroup(ValidatorImpl.java:450) ~[hibernate-validator-6.2.3.Final.jar:6.2.3.Final]
	at org.hibernate.validator.internal.engine.ValidatorImpl.validateInContext(ValidatorImpl.java:400) ~[hibernate-validator-6.2.3.Final.jar:6.2.3.Final]
	at org.hibernate.validator.internal.engine.ValidatorImpl.validate(ValidatorImpl.java:172) ~[hibernate-validator-6.2.3.Final.jar:6.2.3.Final]
	at org.springframework.validation.beanvalidation.SpringValidatorAdapter.validate(SpringValidatorAdapter.java:109) ~[spring-context-5.3.20.jar:5.3.20]
	at org.springframework.boot.autoconfigure.validation.ValidatorAdapter.validate(ValidatorAdapter.java:66) ~[spring-boot-autoconfigure-2.7.0.jar:2.7.0]
	at org.springframework.validation.DataBinder.validate(DataBinder.java:933) ~[spring-context-5.3.20.jar:5.3.20]
	at org.springframework.web.servlet.mvc.method.annotation.AbstractMessageConverterMethodArgumentResolver.validateIfApplicable(AbstractMessageConverterMethodArgumentResolver.java:250) ~[spring-webmvc-5.3.20.jar:5.3.20]
	at org.springframework.web.servlet.mvc.method.annotation.RequestResponseBodyMethodProcessor.resolveArgument(RequestResponseBodyMethodProcessor.java:139) ~[spring-webmvc-5.3.20.jar:5.3.20]
	at org.springframework.web.method.support.HandlerMethodArgumentResolverComposite.resolveArgument(HandlerMethodArgumentResolverComposite.java:122) ~[spring-web-5.3.20.jar:5.3.20]
	at org.springframework.web.method.support.InvocableHandlerMethod.getMethodArgumentValues(InvocableHandlerMethod.java:179) ~[spring-web-5.3.20.jar:5.3.20]
	at org.springframework.web.method.support.InvocableHandlerMethod.invokeForRequest(InvocableHandlerMethod.java:146) ~[spring-web-5.3.20.jar:5.3.20]
	at org.springframework.web.servlet.mvc.method.annotation.ServletInvocableHandlerMethod.invokeAndHandle(ServletInvocableHandlerMethod.java:117) ~[spring-webmvc-5.3.20.jar:5.3.20]
	at org.springframework.web.servlet.mvc.method.annotation.RequestMappingHandlerAdapter.invokeHandlerMethod(RequestMappingHandlerAdapter.java:895) ~[spring-webmvc-5.3.20.jar:5.3.20]
	at org.springframework.web.servlet.mvc.method.annotation.RequestMappingHandlerAdapter.handleInternal(RequestMappingHandlerAdapter.java:808) ~[spring-webmvc-5.3.20.jar:5.3.20]
	at org.springframework.web.servlet.mvc.method.AbstractHandlerMethodAdapter.handle(AbstractHandlerMethodAdapter.java:87) ~[spring-webmvc-5.3.20.jar:5.3.20]
	at org.springframework.web.servlet.DispatcherServlet.doDispatch(DispatcherServlet.java:1067) ~[spring-webmvc-5.3.20.jar:5.3.20]
	at org.springframework.web.servlet.DispatcherServlet.doService(DispatcherServlet.java:963) ~[spring-webmvc-5.3.20.jar:5.3.20]
	at org.springframework.web.servlet.FrameworkServlet.processRequest(FrameworkServlet.java:1006) ~[spring-webmvc-5.3.20.jar:5.3.20]
	at org.springframework.web.servlet.FrameworkServlet.doPost(FrameworkServlet.java:909) ~[spring-webmvc-5.3.20.jar:5.3.20]
	at javax.servlet.http.HttpServlet.service(HttpServlet.java:681) ~[tomcat-embed-core-9.0.63.jar:4.0.FR]
	at org.springframework.web.servlet.FrameworkServlet.service(FrameworkServlet.java:883) ~[spring-webmvc-5.3.20.jar:5.3.20]
	at javax.servlet.http.HttpServlet.service(HttpServlet.java:764) ~[tomcat-embed-core-9.0.63.jar:4.0.FR]
	at org.apache.catalina.core.ApplicationFilterChain.internalDoFilter(ApplicationFilterChain.java:227) ~[tomcat-embed-core-9.0.63.jar:9.0.63]
	at org.apache.catalina.core.ApplicationFilterChain.doFilter(ApplicationFilterChain.java:162) ~[tomcat-embed-core-9.0.63.jar:9.0.63]
	at org.apache.tomcat.websocket.server.WsFilter.doFilter(WsFilter.java:53) ~[tomcat-embed-websocket-9.0.63.jar:9.0.63]
	at org.apache.catalina.core.ApplicationFilterChain.internalDoFilter(ApplicationFilterChain.java:189) ~[tomcat-embed-core-9.0.63.jar:9.0.63]
	at org.apache.catalina.core.ApplicationFilterChain.doFilter(ApplicationFilterChain.java:162) ~[tomcat-embed-core-9.0.63.jar:9.0.63]
	at org.springframework.web.filter.RequestContextFilter.doFilterInternal(RequestContextFilter.java:100) ~[spring-web-5.3.20.jar:5.3.20]
	at org.springframework.web.filter.OncePerRequestFilter.doFilter(OncePerRequestFilter.java:117) ~[spring-web-5.3.20.jar:5.3.20]
	at org.apache.catalina.core.ApplicationFilterChain.internalDoFilter(ApplicationFilterChain.java:189) ~[tomcat-embed-core-9.0.63.jar:9.0.63]
	at org.apache.catalina.core.ApplicationFilterChain.doFilter(ApplicationFilterChain.java:162) ~[tomcat-embed-core-9.0.63.jar:9.0.63]
	at org.springframework.web.filter.FormContentFilter.doFilterInternal(FormContentFilter.java:93) ~[spring-web-5.3.20.jar:5.3.20]
	at org.springframework.web.filter.OncePerRequestFilter.doFilter(OncePerRequestFilter.java:117) ~[spring-web-5.3.20.jar:5.3.20]
	at org.apache.catalina.core.ApplicationFilterChain.internalDoFilter(ApplicationFilterChain.java:189) ~[tomcat-embed-core-9.0.63.jar:9.0.63]
	at org.apache.catalina.core.ApplicationFilterChain.doFilter(ApplicationFilterChain.java:162) ~[tomcat-embed-core-9.0.63.jar:9.0.63]
	at org.springframework.web.filter.CharacterEncodingFilter.doFilterInternal(CharacterEncodingFilter.java:201) ~[spring-web-5.3.20.jar:5.3.20]
	at org.springframework.web.filter.OncePerRequestFilter.doFilter(OncePerRequestFilter.java:117) ~[spring-web-5.3.20.jar:5.3.20]
	at org.apache.catalina.core.ApplicationFilterChain.internalDoFilter(ApplicationFilterChain.java:189) ~[tomcat-embed-core-9.0.63.jar:9.0.63]
	at org.apache.catalina.core.ApplicationFilterChain.doFilter(ApplicationFilterChain.java:162) ~[tomcat-embed-core-9.0.63.jar:9.0.63]
	at org.apache.catalina.core.StandardWrapperValve.invoke(StandardWrapperValve.java:197) ~[tomcat-embed-core-9.0.63.jar:9.0.63]
	at org.apache.catalina.core.StandardContextValve.invoke(StandardContextValve.java:97) [tomcat-embed-core-9.0.63.jar:9.0.63]
	at org.apache.catalina.authenticator.AuthenticatorBase.invoke(AuthenticatorBase.java:541) [tomcat-embed-core-9.0.63.jar:9.0.63]
	at org.apache.catalina.core.StandardHostValve.invoke(StandardHostValve.java:135) [tomcat-embed-core-9.0.63.jar:9.0.63]
	at org.apache.catalina.valves.ErrorReportValve.invoke(ErrorReportValve.java:92) [tomcat-embed-core-9.0.63.jar:9.0.63]
	at org.apache.catalina.core.StandardEngineValve.invoke(StandardEngineValve.java:78) [tomcat-embed-core-9.0.63.jar:9.0.63]
	at org.apache.catalina.connector.CoyoteAdapter.service(CoyoteAdapter.java:360) [tomcat-embed-core-9.0.63.jar:9.0.63]
	at org.apache.coyote.http11.Http11Processor.service(Http11Processor.java:399) [tomcat-embed-core-9.0.63.jar:9.0.63]
	at org.apache.coyote.AbstractProcessorLight.process(AbstractProcessorLight.java:65) [tomcat-embed-core-9.0.63.jar:9.0.63]
	at org.apache.coyote.AbstractProtocol$ConnectionHandler.process(AbstractProtocol.java:890) [tomcat-embed-core-9.0.63.jar:9.0.63]
	at org.apache.tomcat.util.net.NioEndpoint$SocketProcessor.doRun(NioEndpoint.java:1743) [tomcat-embed-core-9.0.63.jar:9.0.63]
	at org.apache.tomcat.util.net.SocketProcessorBase.run(SocketProcessorBase.java:49) [tomcat-embed-core-9.0.63.jar:9.0.63]
	at org.apache.tomcat.util.threads.ThreadPoolExecutor.runWorker(ThreadPoolExecutor.java:1191) [tomcat-embed-core-9.0.63.jar:9.0.63]
	at org.apache.tomcat.util.threads.ThreadPoolExecutor$Worker.run(ThreadPoolExecutor.java:659) [tomcat-embed-core-9.0.63.jar:9.0.63]
	at org.apache.tomcat.util.threads.TaskThread$WrappingRunnable.run(TaskThread.java:61) [tomcat-embed-core-9.0.63.jar:9.0.63]
	at java.lang.Thread.run(Thread.java:748) [na:1.8.0_181]

2022-06-09 00:58:16.880  INFO 15888 --- [restartedMain] c.b.a.AddressbookAppBackendApplication   : Starting AddressbookAppBackendApplication using Java 1.8.0_181 on LAPTOP-PUULM6OO with PID 15888 (C:\Users\Mangesh\IdeaProjects\addressbook-app-backend\target\classes started by Mangesh in C:\Users\Mangesh\IdeaProjects\addressbook-app-backend)
2022-06-09 00:58:16.896 DEBUG 15888 --- [restartedMain] c.b.a.AddressbookAppBackendApplication   : Running with Spring Boot v2.7.0, Spring v5.3.20
2022-06-09 00:58:16.896  INFO 15888 --- [restartedMain] c.b.a.AddressbookAppBackendApplication   : The following 1 profile is active: "dev"
2022-06-09 00:58:19.255  WARN 15888 --- [restartedMain] JpaBaseConfiguration$JpaWebConfiguration : spring.jpa.open-in-view is enabled by default. Therefore, database queries may be performed during view rendering. Explicitly configure spring.jpa.open-in-view to disable this warning
2022-06-09 00:58:19.709  INFO 15888 --- [restartedMain] c.b.a.AddressbookAppBackendApplication   : Started AddressbookAppBackendApplication in 3.307 seconds (JVM running for 4.293)
2022-06-09 00:58:19.709  INFO 15888 --- [restartedMain] c.b.a.AddressbookAppBackendApplication   :  Address Book App Started
2022-06-09 00:58:19.709  INFO 15888 --- [restartedMain] c.b.a.AddressbookAppBackendApplication   : Address Book DB User is root 
2022-06-09 00:58:23.430 ERROR 15888 --- [http-nio-8081-exec-4] o.a.c.c.C.[.[.[/].[dispatcherServlet]    : Servlet.service() for servlet [dispatcherServlet] in context with path [] threw exception [Request processing failed; nested exception is javax.validation.UnexpectedTypeException: HV000030: No validator could be found for constraint 'javax.validation.constraints.Pattern' validating type 'java.lang.Long'. Check configuration for 'zipCode'] with root cause

javax.validation.UnexpectedTypeException: HV000030: No validator could be found for constraint 'javax.validation.constraints.Pattern' validating type 'java.lang.Long'. Check configuration for 'zipCode'
	at org.hibernate.validator.internal.engine.constraintvalidation.ConstraintTree.getExceptionForNullValidator(ConstraintTree.java:116) ~[hibernate-validator-6.2.3.Final.jar:6.2.3.Final]
	at org.hibernate.validator.internal.engine.constraintvalidation.ConstraintTree.getInitializedConstraintValidator(ConstraintTree.java:162) ~[hibernate-validator-6.2.3.Final.jar:6.2.3.Final]
	at org.hibernate.validator.internal.engine.constraintvalidation.SimpleConstraintTree.validateConstraints(SimpleConstraintTree.java:54) ~[hibernate-validator-6.2.3.Final.jar:6.2.3.Final]
	at org.hibernate.validator.internal.engine.constraintvalidation.ConstraintTree.validateConstraints(ConstraintTree.java:75) ~[hibernate-validator-6.2.3.Final.jar:6.2.3.Final]
	at org.hibernate.validator.internal.metadata.core.MetaConstraint.doValidateConstraint(MetaConstraint.java:130) ~[hibernate-validator-6.2.3.Final.jar:6.2.3.Final]
	at org.hibernate.validator.internal.metadata.core.MetaConstraint.validateConstraint(MetaConstraint.java:123) ~[hibernate-validator-6.2.3.Final.jar:6.2.3.Final]
	at org.hibernate.validator.internal.engine.ValidatorImpl.validateMetaConstraint(ValidatorImpl.java:555) ~[hibernate-validator-6.2.3.Final.jar:6.2.3.Final]
	at org.hibernate.validator.internal.engine.ValidatorImpl.validateConstraintsForSingleDefaultGroupElement(ValidatorImpl.java:518) ~[hibernate-validator-6.2.3.Final.jar:6.2.3.Final]
	at org.hibernate.validator.internal.engine.ValidatorImpl.validateConstraintsForDefaultGroup(ValidatorImpl.java:488) ~[hibernate-validator-6.2.3.Final.jar:6.2.3.Final]
	at org.hibernate.validator.internal.engine.ValidatorImpl.validateConstraintsForCurrentGroup(ValidatorImpl.java:450) ~[hibernate-validator-6.2.3.Final.jar:6.2.3.Final]
	at org.hibernate.validator.internal.engine.ValidatorImpl.validateInContext(ValidatorImpl.java:400) ~[hibernate-validator-6.2.3.Final.jar:6.2.3.Final]
	at org.hibernate.validator.internal.engine.ValidatorImpl.validate(ValidatorImpl.java:172) ~[hibernate-validator-6.2.3.Final.jar:6.2.3.Final]
	at org.springframework.validation.beanvalidation.SpringValidatorAdapter.validate(SpringValidatorAdapter.java:109) ~[spring-context-5.3.20.jar:5.3.20]
	at org.springframework.boot.autoconfigure.validation.ValidatorAdapter.validate(ValidatorAdapter.java:66) ~[spring-boot-autoconfigure-2.7.0.jar:2.7.0]
	at org.springframework.validation.DataBinder.validate(DataBinder.java:933) ~[spring-context-5.3.20.jar:5.3.20]
	at org.springframework.web.servlet.mvc.method.annotation.AbstractMessageConverterMethodArgumentResolver.validateIfApplicable(AbstractMessageConverterMethodArgumentResolver.java:250) ~[spring-webmvc-5.3.20.jar:5.3.20]
	at org.springframework.web.servlet.mvc.method.annotation.RequestResponseBodyMethodProcessor.resolveArgument(RequestResponseBodyMethodProcessor.java:139) ~[spring-webmvc-5.3.20.jar:5.3.20]
	at org.springframework.web.method.support.HandlerMethodArgumentResolverComposite.resolveArgument(HandlerMethodArgumentResolverComposite.java:122) ~[spring-web-5.3.20.jar:5.3.20]
	at org.springframework.web.method.support.InvocableHandlerMethod.getMethodArgumentValues(InvocableHandlerMethod.java:179) ~[spring-web-5.3.20.jar:5.3.20]
	at org.springframework.web.method.support.InvocableHandlerMethod.invokeForRequest(InvocableHandlerMethod.java:146) ~[spring-web-5.3.20.jar:5.3.20]
	at org.springframework.web.servlet.mvc.method.annotation.ServletInvocableHandlerMethod.invokeAndHandle(ServletInvocableHandlerMethod.java:117) ~[spring-webmvc-5.3.20.jar:5.3.20]
	at org.springframework.web.servlet.mvc.method.annotation.RequestMappingHandlerAdapter.invokeHandlerMethod(RequestMappingHandlerAdapter.java:895) ~[spring-webmvc-5.3.20.jar:5.3.20]
	at org.springframework.web.servlet.mvc.method.annotation.RequestMappingHandlerAdapter.handleInternal(RequestMappingHandlerAdapter.java:808) ~[spring-webmvc-5.3.20.jar:5.3.20]
	at org.springframework.web.servlet.mvc.method.AbstractHandlerMethodAdapter.handle(AbstractHandlerMethodAdapter.java:87) ~[spring-webmvc-5.3.20.jar:5.3.20]
	at org.springframework.web.servlet.DispatcherServlet.doDispatch(DispatcherServlet.java:1067) ~[spring-webmvc-5.3.20.jar:5.3.20]
	at org.springframework.web.servlet.DispatcherServlet.doService(DispatcherServlet.java:963) ~[spring-webmvc-5.3.20.jar:5.3.20]
	at org.springframework.web.servlet.FrameworkServlet.processRequest(FrameworkServlet.java:1006) ~[spring-webmvc-5.3.20.jar:5.3.20]
	at org.springframework.web.servlet.FrameworkServlet.doPost(FrameworkServlet.java:909) ~[spring-webmvc-5.3.20.jar:5.3.20]
	at javax.servlet.http.HttpServlet.service(HttpServlet.java:681) ~[tomcat-embed-core-9.0.63.jar:4.0.FR]
	at org.springframework.web.servlet.FrameworkServlet.service(FrameworkServlet.java:883) ~[spring-webmvc-5.3.20.jar:5.3.20]
	at javax.servlet.http.HttpServlet.service(HttpServlet.java:764) ~[tomcat-embed-core-9.0.63.jar:4.0.FR]
	at org.apache.catalina.core.ApplicationFilterChain.internalDoFilter(ApplicationFilterChain.java:227) ~[tomcat-embed-core-9.0.63.jar:9.0.63]
	at org.apache.catalina.core.ApplicationFilterChain.doFilter(ApplicationFilterChain.java:162) ~[tomcat-embed-core-9.0.63.jar:9.0.63]
	at org.apache.tomcat.websocket.server.WsFilter.doFilter(WsFilter.java:53) ~[tomcat-embed-websocket-9.0.63.jar:9.0.63]
	at org.apache.catalina.core.ApplicationFilterChain.internalDoFilter(ApplicationFilterChain.java:189) ~[tomcat-embed-core-9.0.63.jar:9.0.63]
	at org.apache.catalina.core.ApplicationFilterChain.doFilter(ApplicationFilterChain.java:162) ~[tomcat-embed-core-9.0.63.jar:9.0.63]
	at org.springframework.web.filter.RequestContextFilter.doFilterInternal(RequestContextFilter.java:100) ~[spring-web-5.3.20.jar:5.3.20]
	at org.springframework.web.filter.OncePerRequestFilter.doFilter(OncePerRequestFilter.java:117) ~[spring-web-5.3.20.jar:5.3.20]
	at org.apache.catalina.core.ApplicationFilterChain.internalDoFilter(ApplicationFilterChain.java:189) ~[tomcat-embed-core-9.0.63.jar:9.0.63]
	at org.apache.catalina.core.ApplicationFilterChain.doFilter(ApplicationFilterChain.java:162) ~[tomcat-embed-core-9.0.63.jar:9.0.63]
	at org.springframework.web.filter.FormContentFilter.doFilterInternal(FormContentFilter.java:93) ~[spring-web-5.3.20.jar:5.3.20]
	at org.springframework.web.filter.OncePerRequestFilter.doFilter(OncePerRequestFilter.java:117) ~[spring-web-5.3.20.jar:5.3.20]
	at org.apache.catalina.core.ApplicationFilterChain.internalDoFilter(ApplicationFilterChain.java:189) ~[tomcat-embed-core-9.0.63.jar:9.0.63]
	at org.apache.catalina.core.ApplicationFilterChain.doFilter(ApplicationFilterChain.java:162) ~[tomcat-embed-core-9.0.63.jar:9.0.63]
	at org.springframework.web.filter.CharacterEncodingFilter.doFilterInternal(CharacterEncodingFilter.java:201) ~[spring-web-5.3.20.jar:5.3.20]
	at org.springframework.web.filter.OncePerRequestFilter.doFilter(OncePerRequestFilter.java:117) ~[spring-web-5.3.20.jar:5.3.20]
	at org.apache.catalina.core.ApplicationFilterChain.internalDoFilter(ApplicationFilterChain.java:189) ~[tomcat-embed-core-9.0.63.jar:9.0.63]
	at org.apache.catalina.core.ApplicationFilterChain.doFilter(ApplicationFilterChain.java:162) ~[tomcat-embed-core-9.0.63.jar:9.0.63]
	at org.apache.catalina.core.StandardWrapperValve.invoke(StandardWrapperValve.java:197) ~[tomcat-embed-core-9.0.63.jar:9.0.63]
	at org.apache.catalina.core.StandardContextValve.invoke(StandardContextValve.java:97) [tomcat-embed-core-9.0.63.jar:9.0.63]
	at org.apache.catalina.authenticator.AuthenticatorBase.invoke(AuthenticatorBase.java:541) [tomcat-embed-core-9.0.63.jar:9.0.63]
	at org.apache.catalina.core.StandardHostValve.invoke(StandardHostValve.java:135) [tomcat-embed-core-9.0.63.jar:9.0.63]
	at org.apache.catalina.valves.ErrorReportValve.invoke(ErrorReportValve.java:92) [tomcat-embed-core-9.0.63.jar:9.0.63]
	at org.apache.catalina.core.StandardEngineValve.invoke(StandardEngineValve.java:78) [tomcat-embed-core-9.0.63.jar:9.0.63]
	at org.apache.catalina.connector.CoyoteAdapter.service(CoyoteAdapter.java:360) [tomcat-embed-core-9.0.63.jar:9.0.63]
	at org.apache.coyote.http11.Http11Processor.service(Http11Processor.java:399) [tomcat-embed-core-9.0.63.jar:9.0.63]
	at org.apache.coyote.AbstractProcessorLight.process(AbstractProcessorLight.java:65) [tomcat-embed-core-9.0.63.jar:9.0.63]
	at org.apache.coyote.AbstractProtocol$ConnectionHandler.process(AbstractProtocol.java:890) [tomcat-embed-core-9.0.63.jar:9.0.63]
	at org.apache.tomcat.util.net.NioEndpoint$SocketProcessor.doRun(NioEndpoint.java:1743) [tomcat-embed-core-9.0.63.jar:9.0.63]
	at org.apache.tomcat.util.net.SocketProcessorBase.run(SocketProcessorBase.java:49) [tomcat-embed-core-9.0.63.jar:9.0.63]
	at org.apache.tomcat.util.threads.ThreadPoolExecutor.runWorker(ThreadPoolExecutor.java:1191) [tomcat-embed-core-9.0.63.jar:9.0.63]
	at org.apache.tomcat.util.threads.ThreadPoolExecutor$Worker.run(ThreadPoolExecutor.java:659) [tomcat-embed-core-9.0.63.jar:9.0.63]
	at org.apache.tomcat.util.threads.TaskThread$WrappingRunnable.run(TaskThread.java:61) [tomcat-embed-core-9.0.63.jar:9.0.63]
	at java.lang.Thread.run(Thread.java:748) [na:1.8.0_181]

2022-06-09 00:59:24.930  INFO 11356 --- [restartedMain] c.b.a.AddressbookAppBackendApplication   : Starting AddressbookAppBackendApplication using Java 1.8.0_181 on LAPTOP-PUULM6OO with PID 11356 (C:\Users\Mangesh\IdeaProjects\addressbook-app-backend\target\classes started by Mangesh in C:\Users\Mangesh\IdeaProjects\addressbook-app-backend)
2022-06-09 00:59:24.930 DEBUG 11356 --- [restartedMain] c.b.a.AddressbookAppBackendApplication   : Running with Spring Boot v2.7.0, Spring v5.3.20
2022-06-09 00:59:24.930  INFO 11356 --- [restartedMain] c.b.a.AddressbookAppBackendApplication   : The following 1 profile is active: "dev"
2022-06-09 00:59:27.447  WARN 11356 --- [restartedMain] JpaBaseConfiguration$JpaWebConfiguration : spring.jpa.open-in-view is enabled by default. Therefore, database queries may be performed during view rendering. Explicitly configure spring.jpa.open-in-view to disable this warning
2022-06-09 00:59:27.916  INFO 11356 --- [restartedMain] c.b.a.AddressbookAppBackendApplication   : Started AddressbookAppBackendApplication in 3.327 seconds (JVM running for 4.274)
2022-06-09 00:59:27.916  INFO 11356 --- [restartedMain] c.b.a.AddressbookAppBackendApplication   :  Address Book App Started
2022-06-09 00:59:27.931  INFO 11356 --- [restartedMain] c.b.a.AddressbookAppBackendApplication   : Address Book DB User is root 
2022-06-09 00:59:33.807 ERROR 11356 --- [http-nio-8081-exec-2] o.a.c.c.C.[.[.[/].[dispatcherServlet]    : Servlet.service() for servlet [dispatcherServlet] in context with path [] threw exception [Request processing failed; nested exception is javax.validation.UnexpectedTypeException: HV000030: No validator could be found for constraint 'javax.validation.constraints.Pattern' validating type 'java.lang.Long'. Check configuration for 'phoneNumber'] with root cause

javax.validation.UnexpectedTypeException: HV000030: No validator could be found for constraint 'javax.validation.constraints.Pattern' validating type 'java.lang.Long'. Check configuration for 'phoneNumber'
	at org.hibernate.validator.internal.engine.constraintvalidation.ConstraintTree.getExceptionForNullValidator(ConstraintTree.java:116) ~[hibernate-validator-6.2.3.Final.jar:6.2.3.Final]
	at org.hibernate.validator.internal.engine.constraintvalidation.ConstraintTree.getInitializedConstraintValidator(ConstraintTree.java:162) ~[hibernate-validator-6.2.3.Final.jar:6.2.3.Final]
	at org.hibernate.validator.internal.engine.constraintvalidation.SimpleConstraintTree.validateConstraints(SimpleConstraintTree.java:54) ~[hibernate-validator-6.2.3.Final.jar:6.2.3.Final]
	at org.hibernate.validator.internal.engine.constraintvalidation.ConstraintTree.validateConstraints(ConstraintTree.java:75) ~[hibernate-validator-6.2.3.Final.jar:6.2.3.Final]
	at org.hibernate.validator.internal.metadata.core.MetaConstraint.doValidateConstraint(MetaConstraint.java:130) ~[hibernate-validator-6.2.3.Final.jar:6.2.3.Final]
	at org.hibernate.validator.internal.metadata.core.MetaConstraint.validateConstraint(MetaConstraint.java:123) ~[hibernate-validator-6.2.3.Final.jar:6.2.3.Final]
	at org.hibernate.validator.internal.engine.ValidatorImpl.validateMetaConstraint(ValidatorImpl.java:555) ~[hibernate-validator-6.2.3.Final.jar:6.2.3.Final]
	at org.hibernate.validator.internal.engine.ValidatorImpl.validateConstraintsForSingleDefaultGroupElement(ValidatorImpl.java:518) ~[hibernate-validator-6.2.3.Final.jar:6.2.3.Final]
	at org.hibernate.validator.internal.engine.ValidatorImpl.validateConstraintsForDefaultGroup(ValidatorImpl.java:488) ~[hibernate-validator-6.2.3.Final.jar:6.2.3.Final]
	at org.hibernate.validator.internal.engine.ValidatorImpl.validateConstraintsForCurrentGroup(ValidatorImpl.java:450) ~[hibernate-validator-6.2.3.Final.jar:6.2.3.Final]
	at org.hibernate.validator.internal.engine.ValidatorImpl.validateInContext(ValidatorImpl.java:400) ~[hibernate-validator-6.2.3.Final.jar:6.2.3.Final]
	at org.hibernate.validator.internal.engine.ValidatorImpl.validate(ValidatorImpl.java:172) ~[hibernate-validator-6.2.3.Final.jar:6.2.3.Final]
	at org.springframework.validation.beanvalidation.SpringValidatorAdapter.validate(SpringValidatorAdapter.java:109) ~[spring-context-5.3.20.jar:5.3.20]
	at org.springframework.boot.autoconfigure.validation.ValidatorAdapter.validate(ValidatorAdapter.java:66) ~[spring-boot-autoconfigure-2.7.0.jar:2.7.0]
	at org.springframework.validation.DataBinder.validate(DataBinder.java:933) ~[spring-context-5.3.20.jar:5.3.20]
	at org.springframework.web.servlet.mvc.method.annotation.AbstractMessageConverterMethodArgumentResolver.validateIfApplicable(AbstractMessageConverterMethodArgumentResolver.java:250) ~[spring-webmvc-5.3.20.jar:5.3.20]
	at org.springframework.web.servlet.mvc.method.annotation.RequestResponseBodyMethodProcessor.resolveArgument(RequestResponseBodyMethodProcessor.java:139) ~[spring-webmvc-5.3.20.jar:5.3.20]
	at org.springframework.web.method.support.HandlerMethodArgumentResolverComposite.resolveArgument(HandlerMethodArgumentResolverComposite.java:122) ~[spring-web-5.3.20.jar:5.3.20]
	at org.springframework.web.method.support.InvocableHandlerMethod.getMethodArgumentValues(InvocableHandlerMethod.java:179) ~[spring-web-5.3.20.jar:5.3.20]
	at org.springframework.web.method.support.InvocableHandlerMethod.invokeForRequest(InvocableHandlerMethod.java:146) ~[spring-web-5.3.20.jar:5.3.20]
	at org.springframework.web.servlet.mvc.method.annotation.ServletInvocableHandlerMethod.invokeAndHandle(ServletInvocableHandlerMethod.java:117) ~[spring-webmvc-5.3.20.jar:5.3.20]
	at org.springframework.web.servlet.mvc.method.annotation.RequestMappingHandlerAdapter.invokeHandlerMethod(RequestMappingHandlerAdapter.java:895) ~[spring-webmvc-5.3.20.jar:5.3.20]
	at org.springframework.web.servlet.mvc.method.annotation.RequestMappingHandlerAdapter.handleInternal(RequestMappingHandlerAdapter.java:808) ~[spring-webmvc-5.3.20.jar:5.3.20]
	at org.springframework.web.servlet.mvc.method.AbstractHandlerMethodAdapter.handle(AbstractHandlerMethodAdapter.java:87) ~[spring-webmvc-5.3.20.jar:5.3.20]
	at org.springframework.web.servlet.DispatcherServlet.doDispatch(DispatcherServlet.java:1067) ~[spring-webmvc-5.3.20.jar:5.3.20]
	at org.springframework.web.servlet.DispatcherServlet.doService(DispatcherServlet.java:963) ~[spring-webmvc-5.3.20.jar:5.3.20]
	at org.springframework.web.servlet.FrameworkServlet.processRequest(FrameworkServlet.java:1006) ~[spring-webmvc-5.3.20.jar:5.3.20]
	at org.springframework.web.servlet.FrameworkServlet.doPost(FrameworkServlet.java:909) ~[spring-webmvc-5.3.20.jar:5.3.20]
	at javax.servlet.http.HttpServlet.service(HttpServlet.java:681) ~[tomcat-embed-core-9.0.63.jar:4.0.FR]
	at org.springframework.web.servlet.FrameworkServlet.service(FrameworkServlet.java:883) ~[spring-webmvc-5.3.20.jar:5.3.20]
	at javax.servlet.http.HttpServlet.service(HttpServlet.java:764) ~[tomcat-embed-core-9.0.63.jar:4.0.FR]
	at org.apache.catalina.core.ApplicationFilterChain.internalDoFilter(ApplicationFilterChain.java:227) ~[tomcat-embed-core-9.0.63.jar:9.0.63]
	at org.apache.catalina.core.ApplicationFilterChain.doFilter(ApplicationFilterChain.java:162) ~[tomcat-embed-core-9.0.63.jar:9.0.63]
	at org.apache.tomcat.websocket.server.WsFilter.doFilter(WsFilter.java:53) ~[tomcat-embed-websocket-9.0.63.jar:9.0.63]
	at org.apache.catalina.core.ApplicationFilterChain.internalDoFilter(ApplicationFilterChain.java:189) ~[tomcat-embed-core-9.0.63.jar:9.0.63]
	at org.apache.catalina.core.ApplicationFilterChain.doFilter(ApplicationFilterChain.java:162) ~[tomcat-embed-core-9.0.63.jar:9.0.63]
	at org.springframework.web.filter.RequestContextFilter.doFilterInternal(RequestContextFilter.java:100) ~[spring-web-5.3.20.jar:5.3.20]
	at org.springframework.web.filter.OncePerRequestFilter.doFilter(OncePerRequestFilter.java:117) ~[spring-web-5.3.20.jar:5.3.20]
	at org.apache.catalina.core.ApplicationFilterChain.internalDoFilter(ApplicationFilterChain.java:189) ~[tomcat-embed-core-9.0.63.jar:9.0.63]
	at org.apache.catalina.core.ApplicationFilterChain.doFilter(ApplicationFilterChain.java:162) ~[tomcat-embed-core-9.0.63.jar:9.0.63]
	at org.springframework.web.filter.FormContentFilter.doFilterInternal(FormContentFilter.java:93) ~[spring-web-5.3.20.jar:5.3.20]
	at org.springframework.web.filter.OncePerRequestFilter.doFilter(OncePerRequestFilter.java:117) ~[spring-web-5.3.20.jar:5.3.20]
	at org.apache.catalina.core.ApplicationFilterChain.internalDoFilter(ApplicationFilterChain.java:189) ~[tomcat-embed-core-9.0.63.jar:9.0.63]
	at org.apache.catalina.core.ApplicationFilterChain.doFilter(ApplicationFilterChain.java:162) ~[tomcat-embed-core-9.0.63.jar:9.0.63]
	at org.springframework.web.filter.CharacterEncodingFilter.doFilterInternal(CharacterEncodingFilter.java:201) ~[spring-web-5.3.20.jar:5.3.20]
	at org.springframework.web.filter.OncePerRequestFilter.doFilter(OncePerRequestFilter.java:117) ~[spring-web-5.3.20.jar:5.3.20]
	at org.apache.catalina.core.ApplicationFilterChain.internalDoFilter(ApplicationFilterChain.java:189) ~[tomcat-embed-core-9.0.63.jar:9.0.63]
	at org.apache.catalina.core.ApplicationFilterChain.doFilter(ApplicationFilterChain.java:162) ~[tomcat-embed-core-9.0.63.jar:9.0.63]
	at org.apache.catalina.core.StandardWrapperValve.invoke(StandardWrapperValve.java:197) ~[tomcat-embed-core-9.0.63.jar:9.0.63]
	at org.apache.catalina.core.StandardContextValve.invoke(StandardContextValve.java:97) [tomcat-embed-core-9.0.63.jar:9.0.63]
	at org.apache.catalina.authenticator.AuthenticatorBase.invoke(AuthenticatorBase.java:541) [tomcat-embed-core-9.0.63.jar:9.0.63]
	at org.apache.catalina.core.StandardHostValve.invoke(StandardHostValve.java:135) [tomcat-embed-core-9.0.63.jar:9.0.63]
	at org.apache.catalina.valves.ErrorReportValve.invoke(ErrorReportValve.java:92) [tomcat-embed-core-9.0.63.jar:9.0.63]
	at org.apache.catalina.core.StandardEngineValve.invoke(StandardEngineValve.java:78) [tomcat-embed-core-9.0.63.jar:9.0.63]
	at org.apache.catalina.connector.CoyoteAdapter.service(CoyoteAdapter.java:360) [tomcat-embed-core-9.0.63.jar:9.0.63]
	at org.apache.coyote.http11.Http11Processor.service(Http11Processor.java:399) [tomcat-embed-core-9.0.63.jar:9.0.63]
	at org.apache.coyote.AbstractProcessorLight.process(AbstractProcessorLight.java:65) [tomcat-embed-core-9.0.63.jar:9.0.63]
	at org.apache.coyote.AbstractProtocol$ConnectionHandler.process(AbstractProtocol.java:890) [tomcat-embed-core-9.0.63.jar:9.0.63]
	at org.apache.tomcat.util.net.NioEndpoint$SocketProcessor.doRun(NioEndpoint.java:1743) [tomcat-embed-core-9.0.63.jar:9.0.63]
	at org.apache.tomcat.util.net.SocketProcessorBase.run(SocketProcessorBase.java:49) [tomcat-embed-core-9.0.63.jar:9.0.63]
	at org.apache.tomcat.util.threads.ThreadPoolExecutor.runWorker(ThreadPoolExecutor.java:1191) [tomcat-embed-core-9.0.63.jar:9.0.63]
	at org.apache.tomcat.util.threads.ThreadPoolExecutor$Worker.run(ThreadPoolExecutor.java:659) [tomcat-embed-core-9.0.63.jar:9.0.63]
	at org.apache.tomcat.util.threads.TaskThread$WrappingRunnable.run(TaskThread.java:61) [tomcat-embed-core-9.0.63.jar:9.0.63]
	at java.lang.Thread.run(Thread.java:748) [na:1.8.0_181]

2022-06-09 01:00:51.031  INFO 3360 --- [restartedMain] c.b.a.AddressbookAppBackendApplication   : Starting AddressbookAppBackendApplication using Java 1.8.0_181 on LAPTOP-PUULM6OO with PID 3360 (C:\Users\Mangesh\IdeaProjects\addressbook-app-backend\target\classes started by Mangesh in C:\Users\Mangesh\IdeaProjects\addressbook-app-backend)
2022-06-09 01:00:51.031 DEBUG 3360 --- [restartedMain] c.b.a.AddressbookAppBackendApplication   : Running with Spring Boot v2.7.0, Spring v5.3.20
2022-06-09 01:00:51.031  INFO 3360 --- [restartedMain] c.b.a.AddressbookAppBackendApplication   : The following 1 profile is active: "dev"
2022-06-09 01:00:53.406  WARN 3360 --- [restartedMain] JpaBaseConfiguration$JpaWebConfiguration : spring.jpa.open-in-view is enabled by default. Therefore, database queries may be performed during view rendering. Explicitly configure spring.jpa.open-in-view to disable this warning
2022-06-09 01:00:53.844  INFO 3360 --- [restartedMain] c.b.a.AddressbookAppBackendApplication   : Started AddressbookAppBackendApplication in 3.133 seconds (JVM running for 3.968)
2022-06-09 01:00:53.844  INFO 3360 --- [restartedMain] c.b.a.AddressbookAppBackendApplication   :  Address Book App Started
2022-06-09 01:00:53.844  INFO 3360 --- [restartedMain] c.b.a.AddressbookAppBackendApplication   : Address Book DB User is root 
2022-06-09 01:00:58.529 DEBUG 3360 --- [http-nio-8081-exec-1] c.b.a.service.AddressbookServiceImpl     : Addressbook Data : AddressbookData(id=0, firstName=Mangesh, lastName=Bhujang, zipCode=431213, state=Maharashtra, city=Pune, phoneNumber=7620263999)
2022-06-09 01:01:20.406  WARN 3360 --- [http-nio-8081-exec-3] .m.m.a.ExceptionHandlerExceptionResolver : Resolved [org.springframework.web.bind.MethodArgumentNotValidException: Validation failed for argument [0] in public org.springframework.http.ResponseEntity<com.bridgelabz.addressbook.dto.ResponseDTO> com.bridgelabz.addressbook.controller.AddressbookController.addAddressbookInfo(com.bridgelabz.addressbook.dto.AddressbookDTO): [Field error in object 'addressbookDTO' on field 'firstName': rejected value [angesh]; codes [Pattern.addressbookDTO.firstName,Pattern.firstName,Pattern.java.lang.String,Pattern]; arguments [org.springframework.context.support.DefaultMessageSourceResolvable: codes [addressbookDTO.firstName,firstName]; arguments []; default message [firstName],[Ljavax.validation.constraints.Pattern$Flag;@143c6349,^[A-Z]{1}[a-z]{2,}$]; default message [ First Name is Invalid!, Please Enter valid First Name.]] ]
2022-06-09 01:01:30.977 DEBUG 3360 --- [http-nio-8081-exec-5] c.b.a.service.AddressbookServiceImpl     : Addressbook Data : AddressbookData(id=0, firstName=Mangesh, lastName=hujang, zipCode=431213, state=Maharashtra, city=Pune, phoneNumber=7620263999)
2022-06-09 01:02:02.235  WARN 3360 --- [http-nio-8081-exec-6] .m.m.a.ExceptionHandlerExceptionResolver : Resolved [org.springframework.web.bind.MethodArgumentNotValidException: Validation failed for argument [0] in public org.springframework.http.ResponseEntity<com.bridgelabz.addressbook.dto.ResponseDTO> com.bridgelabz.addressbook.controller.AddressbookController.addAddressbookInfo(com.bridgelabz.addressbook.dto.AddressbookDTO): [Field error in object 'addressbookDTO' on field 'city': rejected value [P]; codes [Pattern.addressbookDTO.city,Pattern.city,Pattern.java.lang.String,Pattern]; arguments [org.springframework.context.support.DefaultMessageSourceResolvable: codes [addressbookDTO.city,city]; arguments []; default message [city],[Ljavax.validation.constraints.Pattern$Flag;@143c6349,^[a-zA-Z]{2,}$]; default message [ City is Invalid!, Please Enter Valid City.]] ]
2022-06-09 01:02:12.786  WARN 3360 --- [http-nio-8081-exec-8] .m.m.a.ExceptionHandlerExceptionResolver : Resolved [org.springframework.web.bind.MethodArgumentNotValidException: Validation failed for argument [0] in public org.springframework.http.ResponseEntity<com.bridgelabz.addressbook.dto.ResponseDTO> com.bridgelabz.addressbook.controller.AddressbookController.addAddressbookInfo(com.bridgelabz.addressbook.dto.AddressbookDTO): [Field error in object 'addressbookDTO' on field 'zipCode': rejected value [41213]; codes [Pattern.addressbookDTO.zipCode,Pattern.zipCode,Pattern.java.lang.String,Pattern]; arguments [org.springframework.context.support.DefaultMessageSourceResolvable: codes [addressbookDTO.zipCode,zipCode]; arguments []; default message [zipCode],[Ljavax.validation.constraints.Pattern$Flag;@143c6349,^[1-9]{1}[0-9]{5}$]; default message [Zip Code is Invalid!, Please Enter Valid Zip Code.]] ]
2022-06-09 01:02:19.404  WARN 3360 --- [http-nio-8081-exec-10] .m.m.a.ExceptionHandlerExceptionResolver : Resolved [org.springframework.web.bind.MethodArgumentNotValidException: Validation failed for argument [0] in public org.springframework.http.ResponseEntity<com.bridgelabz.addressbook.dto.ResponseDTO> com.bridgelabz.addressbook.controller.AddressbookController.addAddressbookInfo(com.bridgelabz.addressbook.dto.AddressbookDTO): [Field error in object 'addressbookDTO' on field 'phoneNumber': rejected value [760263999]; codes [Pattern.addressbookDTO.phoneNumber,Pattern.phoneNumber,Pattern.java.lang.String,Pattern]; arguments [org.springframework.context.support.DefaultMessageSourceResolvable: codes [addressbookDTO.phoneNumber,phoneNumber]; arguments []; default message [phoneNumber],[Ljavax.validation.constraints.Pattern$Flag;@143c6349,^[0-9]{1}[0-9]{9}$]; default message [Phone Number is Invalid!, Please Enter valid Phone number.]] ]
2022-06-09 01:03:14.329  INFO 7388 --- [restartedMain] c.b.a.AddressbookAppBackendApplication   : Starting AddressbookAppBackendApplication using Java 1.8.0_181 on LAPTOP-PUULM6OO with PID 7388 (C:\Users\Mangesh\IdeaProjects\addressbook-app-backend\target\classes started by Mangesh in C:\Users\Mangesh\IdeaProjects\addressbook-app-backend)
2022-06-09 01:03:14.342 DEBUG 7388 --- [restartedMain] c.b.a.AddressbookAppBackendApplication   : Running with Spring Boot v2.7.0, Spring v5.3.20
2022-06-09 01:03:14.342  INFO 7388 --- [restartedMain] c.b.a.AddressbookAppBackendApplication   : The following 1 profile is active: "dev"
2022-06-09 01:03:16.796  WARN 7388 --- [restartedMain] JpaBaseConfiguration$JpaWebConfiguration : spring.jpa.open-in-view is enabled by default. Therefore, database queries may be performed during view rendering. Explicitly configure spring.jpa.open-in-view to disable this warning
2022-06-09 01:03:17.218  INFO 7388 --- [restartedMain] c.b.a.AddressbookAppBackendApplication   : Started AddressbookAppBackendApplication in 3.188 seconds (JVM running for 3.913)
2022-06-09 01:03:17.218  INFO 7388 --- [restartedMain] c.b.a.AddressbookAppBackendApplication   :  Address Book App Started
2022-06-09 01:03:17.218  INFO 7388 --- [restartedMain] c.b.a.AddressbookAppBackendApplication   : Address Book DB User is root 
2022-06-09 01:03:28.364 DEBUG 7388 --- [http-nio-8081-exec-4] c.b.a.service.AddressbookServiceImpl     : Addressbook Data : AddressbookData(id=0, firstName=Mangesh, lastName=Bhujang, zipCode=431213, state=Maharashtra, city=Pune, phoneNumber=7620263999)
2022-06-09 01:03:32.821  WARN 7388 --- [http-nio-8081-exec-3] .m.m.a.ExceptionHandlerExceptionResolver : Resolved [org.springframework.web.bind.MethodArgumentNotValidException: Validation failed for argument [0] in public org.springframework.http.ResponseEntity<com.bridgelabz.addressbook.dto.ResponseDTO> com.bridgelabz.addressbook.controller.AddressbookController.addAddressbookInfo(com.bridgelabz.addressbook.dto.AddressbookDTO): [Field error in object 'addressbookDTO' on field 'lastName': rejected value [hujang]; codes [Pattern.addressbookDTO.lastName,Pattern.lastName,Pattern.java.lang.String,Pattern]; arguments [org.springframework.context.support.DefaultMessageSourceResolvable: codes [addressbookDTO.lastName,lastName]; arguments []; default message [lastName],[Ljavax.validation.constraints.Pattern$Flag;@413b1d5f,^[A-Z]{1}[a-z]{2,}$]; default message [ Last Name is Invalid!, Please Enter valid Last Name.]] ]
2022-06-09 01:03:43.502 DEBUG 7388 --- [http-nio-8081-exec-5] c.b.a.service.AddressbookServiceImpl     : Addressbook Data : AddressbookData(id=0, firstName=Nilesh, lastName=Bhujang, zipCode=431213, state=Maharashtra, city=Pune, phoneNumber=7620263999)
2022-06-09 01:04:17.608 DEBUG 7388 --- [http-nio-8081-exec-6] c.b.a.service.AddressbookServiceImpl     : Addressbook Data : AddressbookData(id=0, firstName=Sumit, lastName=Pawar, zipCode=431213, state=Maharashtra, city=Pune, phoneNumber=7220263922)
2022-06-09 01:09:52.078  INFO 9808 --- [restartedMain] c.b.a.AddressbookAppBackendApplication   : Starting AddressbookAppBackendApplication using Java 1.8.0_181 on LAPTOP-PUULM6OO with PID 9808 (C:\Users\Mangesh\IdeaProjects\addressbook-app-backend\target\classes started by Mangesh in C:\Users\Mangesh\IdeaProjects\addressbook-app-backend)
2022-06-09 01:09:52.078 DEBUG 9808 --- [restartedMain] c.b.a.AddressbookAppBackendApplication   : Running with Spring Boot v2.7.0, Spring v5.3.20
2022-06-09 01:09:52.078  INFO 9808 --- [restartedMain] c.b.a.AddressbookAppBackendApplication   : The following 1 profile is active: "dev"
2022-06-09 01:09:54.784  WARN 9808 --- [restartedMain] JpaBaseConfiguration$JpaWebConfiguration : spring.jpa.open-in-view is enabled by default. Therefore, database queries may be performed during view rendering. Explicitly configure spring.jpa.open-in-view to disable this warning
2022-06-09 01:09:55.222  INFO 9808 --- [restartedMain] c.b.a.AddressbookAppBackendApplication   : Started AddressbookAppBackendApplication in 3.45 seconds (JVM running for 4.234)
2022-06-09 01:09:55.222  INFO 9808 --- [restartedMain] c.b.a.AddressbookAppBackendApplication   :  Address Book App Started
2022-06-09 01:09:55.222  INFO 9808 --- [restartedMain] c.b.a.AddressbookAppBackendApplication   : Address Book DB User is root 
2022-06-09 01:11:37.871 DEBUG 9808 --- [http-nio-8081-exec-6] c.b.a.service.AddressbookServiceImpl     : Addressbook Data : AddressbookData(id=0, firstName=Rajesh, lastName=Pawar, zipCode=431213, state=Maharashtra, city=Pune, phoneNumber=7220263922)
2022-06-09 01:18:34.171  INFO 27616 --- [restartedMain] c.b.a.AddressbookAppBackendApplication   : Starting AddressbookAppBackendApplication using Java 1.8.0_181 on LAPTOP-PUULM6OO with PID 27616 (C:\Users\Mangesh\IdeaProjects\addressbook-app-backend\target\classes started by Mangesh in C:\Users\Mangesh\IdeaProjects\addressbook-app-backend)
2022-06-09 01:18:34.171 DEBUG 27616 --- [restartedMain] c.b.a.AddressbookAppBackendApplication   : Running with Spring Boot v2.7.0, Spring v5.3.20
2022-06-09 01:18:34.171  INFO 27616 --- [restartedMain] c.b.a.AddressbookAppBackendApplication   : The following 1 profile is active: "dev"
2022-06-09 01:18:36.688  WARN 27616 --- [restartedMain] JpaBaseConfiguration$JpaWebConfiguration : spring.jpa.open-in-view is enabled by default. Therefore, database queries may be performed during view rendering. Explicitly configure spring.jpa.open-in-view to disable this warning
2022-06-09 01:18:37.203  INFO 27616 --- [restartedMain] c.b.a.AddressbookAppBackendApplication   : Started AddressbookAppBackendApplication in 3.331 seconds (JVM running for 4.153)
2022-06-09 01:18:37.219  INFO 27616 --- [restartedMain] c.b.a.AddressbookAppBackendApplication   :  Address Book App Started
2022-06-09 01:18:37.219  INFO 27616 --- [restartedMain] c.b.a.AddressbookAppBackendApplication   : Address Book DB User is root 
2022-06-09 01:19:43.104  WARN 27616 --- [http-nio-8081-exec-7] .w.s.m.s.DefaultHandlerExceptionResolver : Resolved [org.springframework.http.converter.HttpMessageNotReadableException: Required request body is missing: public org.springframework.http.ResponseEntity<com.bridgelabz.addressbook.dto.ResponseDTO> com.bridgelabz.addressbook.controller.AddressbookController.updateAddressbookInfo(int,com.bridgelabz.addressbook.dto.AddressbookDTO)]
2022-06-09 01:19:49.958  WARN 27616 --- [http-nio-8081-exec-8] .w.s.m.s.DefaultHandlerExceptionResolver : Resolved [org.springframework.http.converter.HttpMessageNotReadableException: Required request body is missing: public org.springframework.http.ResponseEntity<com.bridgelabz.addressbook.dto.ResponseDTO> com.bridgelabz.addressbook.controller.AddressbookController.updateAddressbookInfo(int,com.bridgelabz.addressbook.dto.AddressbookDTO)]
2022-06-09 01:20:12.759  WARN 27616 --- [http-nio-8081-exec-10] .w.s.m.s.DefaultHandlerExceptionResolver : Resolved [org.springframework.http.converter.HttpMessageNotReadableException: Required request body is missing: public org.springframework.http.ResponseEntity<com.bridgelabz.addressbook.dto.ResponseDTO> com.bridgelabz.addressbook.controller.AddressbookController.updateAddressbookInfo(int,com.bridgelabz.addressbook.dto.AddressbookDTO)]
2022-06-09 01:21:35.125  INFO 30164 --- [restartedMain] c.b.a.AddressbookAppBackendApplication   : Starting AddressbookAppBackendApplication using Java 1.8.0_181 on LAPTOP-PUULM6OO with PID 30164 (C:\Users\Mangesh\IdeaProjects\addressbook-app-backend\target\classes started by Mangesh in C:\Users\Mangesh\IdeaProjects\addressbook-app-backend)
2022-06-09 01:21:35.141 DEBUG 30164 --- [restartedMain] c.b.a.AddressbookAppBackendApplication   : Running with Spring Boot v2.7.0, Spring v5.3.20
2022-06-09 01:21:35.141  INFO 30164 --- [restartedMain] c.b.a.AddressbookAppBackendApplication   : The following 1 profile is active: "dev"
2022-06-09 01:21:37.654  WARN 30164 --- [restartedMain] JpaBaseConfiguration$JpaWebConfiguration : spring.jpa.open-in-view is enabled by default. Therefore, database queries may be performed during view rendering. Explicitly configure spring.jpa.open-in-view to disable this warning
2022-06-09 01:21:38.092  INFO 30164 --- [restartedMain] c.b.a.AddressbookAppBackendApplication   : Started AddressbookAppBackendApplication in 3.329 seconds (JVM running for 4.276)
2022-06-09 01:21:38.092  INFO 30164 --- [restartedMain] c.b.a.AddressbookAppBackendApplication   :  Address Book App Started
2022-06-09 01:21:38.092  INFO 30164 --- [restartedMain] c.b.a.AddressbookAppBackendApplication   : Address Book DB User is root 
2022-06-09 01:22:23.909 DEBUG 30164 --- [http-nio-8081-exec-3] c.b.a.service.AddressbookServiceImpl     : Addressbook Data : AddressbookData(id=0, firstName=Sumit, lastName=Gundawar, zipCode=431213, state=Maharashtra, city=Chandrapur, phoneNumber=7220263922)
2022-06-09 01:22:54.029 DEBUG 30164 --- [http-nio-8081-exec-4] c.b.a.service.AddressbookServiceImpl     : Addressbook Data : AddressbookData(id=0, firstName=Mangesh, lastName=Bhujang, zipCode=431213, state=Maharashtra, city=Pune, phoneNumber=7620263999)
2022-06-09 01:24:08.943  INFO 16904 --- [restartedMain] c.b.a.AddressbookAppBackendApplication   : Starting AddressbookAppBackendApplication using Java 1.8.0_181 on LAPTOP-PUULM6OO with PID 16904 (C:\Users\Mangesh\IdeaProjects\addressbook-app-backend\target\classes started by Mangesh in C:\Users\Mangesh\IdeaProjects\addressbook-app-backend)
2022-06-09 01:24:08.943 DEBUG 16904 --- [restartedMain] c.b.a.AddressbookAppBackendApplication   : Running with Spring Boot v2.7.0, Spring v5.3.20
2022-06-09 01:24:08.943  INFO 16904 --- [restartedMain] c.b.a.AddressbookAppBackendApplication   : The following 1 profile is active: "dev"
2022-06-09 01:24:11.178  WARN 16904 --- [restartedMain] JpaBaseConfiguration$JpaWebConfiguration : spring.jpa.open-in-view is enabled by default. Therefore, database queries may be performed during view rendering. Explicitly configure spring.jpa.open-in-view to disable this warning
2022-06-09 01:24:11.600  INFO 16904 --- [restartedMain] c.b.a.AddressbookAppBackendApplication   : Started AddressbookAppBackendApplication in 2.97 seconds (JVM running for 3.741)
2022-06-09 01:24:11.600  INFO 16904 --- [restartedMain] c.b.a.AddressbookAppBackendApplication   :  Address Book App Started
2022-06-09 01:24:11.600  INFO 16904 --- [restartedMain] c.b.a.AddressbookAppBackendApplication   : Address Book DB User is root 
2022-06-09 01:24:36.266  WARN 16904 --- [http-nio-8081-exec-3] .m.m.a.ExceptionHandlerExceptionResolver : Resolved [com.bridgelabz.addressbook.exception.AddressbookException: Addressbook Data with  Id 2 Does Not Exists In Database.]
